2020-04-21 13:49:32.624  INFO 8724 --- [main] com.imooc.sell.LoggerTest                : Starting LoggerTest on 40J515U66E09Y2N with PID 8724 (started by Administrator in D:\IDEAworkspace\sell)
2020-04-21 13:49:32.627  INFO 8724 --- [main] com.imooc.sell.LoggerTest                : No active profile set, falling back to default profiles: default
2020-04-21 13:49:34.055  INFO 8724 --- [main] .s.d.r.c.RepositoryConfigurationDelegate : Bootstrapping Spring Data JPA repositories in DEFAULT mode.
2020-04-21 13:49:34.106  INFO 8724 --- [main] .s.d.r.c.RepositoryConfigurationDelegate : Finished Spring Data repository scanning in 29ms. Found 0 JPA repository interfaces.
2020-04-21 13:49:35.190  INFO 8724 --- [main] com.zaxxer.hikari.HikariDataSource       : HikariPool-1 - Starting...
2020-04-21 13:49:35.594  INFO 8724 --- [main] com.zaxxer.hikari.HikariDataSource       : HikariPool-1 - Start completed.
2020-04-21 13:49:35.728  INFO 8724 --- [main] o.hibernate.jpa.internal.util.LogHelper  : HHH000204: Processing PersistenceUnitInfo [name: default]
2020-04-21 13:49:35.878  INFO 8724 --- [main] org.hibernate.Version                    : HHH000412: Hibernate ORM core version 5.4.12.Final
2020-04-21 13:49:36.092  INFO 8724 --- [main] o.hibernate.annotations.common.Version   : HCANN000001: Hibernate Commons Annotations {5.1.0.Final}
2020-04-21 13:49:36.617  INFO 8724 --- [main] org.hibernate.dialect.Dialect            : HHH000400: Using dialect: org.hibernate.dialect.MySQL57Dialect
2020-04-21 13:49:36.998  INFO 8724 --- [main] o.h.e.t.j.p.i.JtaPlatformInitiator       : HHH000490: Using JtaPlatform implementation: [org.hibernate.engine.transaction.jta.platform.internal.NoJtaPlatform]
2020-04-21 13:49:37.011  INFO 8724 --- [main] j.LocalContainerEntityManagerFactoryBean : Initialized JPA EntityManagerFactory for persistence unit 'default'
2020-04-21 13:49:37.491  WARN 8724 --- [main] JpaBaseConfiguration$JpaWebConfiguration : spring.jpa.open-in-view is enabled by default. Therefore, database queries may be performed during view rendering. Explicitly configure spring.jpa.open-in-view to disable this warning
2020-04-21 13:49:38.068  INFO 8724 --- [main] o.s.s.concurrent.ThreadPoolTaskExecutor  : Initializing ExecutorService 'applicationTaskExecutor'
2020-04-21 13:49:38.780  INFO 8724 --- [main] com.imooc.sell.LoggerTest                : Started LoggerTest in 7.504 seconds (JVM running for 9.969)
2020-04-21 13:49:39.351  INFO 8724 --- [main] com.imooc.sell.LoggerTest                : info....
2020-04-21 13:49:39.352 ERROR 8724 --- [main] com.imooc.sell.LoggerTest                : error 
2020-04-21 13:49:39.381  INFO 8724 --- [SpringContextShutdownHook] o.s.s.concurrent.ThreadPoolTaskExecutor  : Shutting down ExecutorService 'applicationTaskExecutor'
2020-04-21 13:49:39.385  INFO 8724 --- [SpringContextShutdownHook] j.LocalContainerEntityManagerFactoryBean : Closing JPA EntityManagerFactory for persistence unit 'default'
2020-04-21 13:49:39.390  INFO 8724 --- [SpringContextShutdownHook] com.zaxxer.hikari.HikariDataSource       : HikariPool-1 - Shutdown initiated...
2020-04-21 13:49:39.422  INFO 8724 --- [SpringContextShutdownHook] com.zaxxer.hikari.HikariDataSource       : HikariPool-1 - Shutdown completed.
2020-04-21 13:50:13.214  INFO 23996 --- [main] com.imooc.sell.LoggerTest                : Starting LoggerTest on 40J515U66E09Y2N with PID 23996 (started by Administrator in D:\IDEAworkspace\sell)
2020-04-21 13:50:13.217  INFO 23996 --- [main] com.imooc.sell.LoggerTest                : No active profile set, falling back to default profiles: default
2020-04-21 13:50:14.840  INFO 23996 --- [main] .s.d.r.c.RepositoryConfigurationDelegate : Bootstrapping Spring Data JPA repositories in DEFAULT mode.
2020-04-21 13:50:14.880  INFO 23996 --- [main] .s.d.r.c.RepositoryConfigurationDelegate : Finished Spring Data repository scanning in 25ms. Found 0 JPA repository interfaces.
2020-04-21 13:50:16.057  INFO 23996 --- [main] com.zaxxer.hikari.HikariDataSource       : HikariPool-1 - Starting...
2020-04-21 13:50:16.362  INFO 23996 --- [main] com.zaxxer.hikari.HikariDataSource       : HikariPool-1 - Start completed.
2020-04-21 13:50:16.476  INFO 23996 --- [main] o.hibernate.jpa.internal.util.LogHelper  : HHH000204: Processing PersistenceUnitInfo [name: default]
2020-04-21 13:50:16.691  INFO 23996 --- [main] org.hibernate.Version                    : HHH000412: Hibernate ORM core version 5.4.12.Final
2020-04-21 13:50:17.013  INFO 23996 --- [main] o.hibernate.annotations.common.Version   : HCANN000001: Hibernate Commons Annotations {5.1.0.Final}
2020-04-21 13:50:17.643  INFO 23996 --- [main] org.hibernate.dialect.Dialect            : HHH000400: Using dialect: org.hibernate.dialect.MySQL57Dialect
2020-04-21 13:50:18.177  INFO 23996 --- [main] o.h.e.t.j.p.i.JtaPlatformInitiator       : HHH000490: Using JtaPlatform implementation: [org.hibernate.engine.transaction.jta.platform.internal.NoJtaPlatform]
2020-04-21 13:50:18.194  INFO 23996 --- [main] j.LocalContainerEntityManagerFactoryBean : Initialized JPA EntityManagerFactory for persistence unit 'default'
2020-04-21 13:50:18.684  WARN 23996 --- [main] JpaBaseConfiguration$JpaWebConfiguration : spring.jpa.open-in-view is enabled by default. Therefore, database queries may be performed during view rendering. Explicitly configure spring.jpa.open-in-view to disable this warning
2020-04-21 13:50:19.201  INFO 23996 --- [main] o.s.s.concurrent.ThreadPoolTaskExecutor  : Initializing ExecutorService 'applicationTaskExecutor'
2020-04-21 13:50:19.924  INFO 23996 --- [main] com.imooc.sell.LoggerTest                : Started LoggerTest in 7.715 seconds (JVM running for 9.919)
2020-04-21 13:50:20.473  INFO 23996 --- [main] com.imooc.sell.LoggerTest                : info....
2020-04-21 13:50:20.474 ERROR 23996 --- [main] com.imooc.sell.LoggerTest                : error 
2020-04-21 13:50:20.492  INFO 23996 --- [SpringContextShutdownHook] o.s.s.concurrent.ThreadPoolTaskExecutor  : Shutting down ExecutorService 'applicationTaskExecutor'
2020-04-21 13:50:20.498  INFO 23996 --- [SpringContextShutdownHook] j.LocalContainerEntityManagerFactoryBean : Closing JPA EntityManagerFactory for persistence unit 'default'
2020-04-21 13:50:20.501  INFO 23996 --- [SpringContextShutdownHook] com.zaxxer.hikari.HikariDataSource       : HikariPool-1 - Shutdown initiated...
2020-04-21 13:50:20.521  INFO 23996 --- [SpringContextShutdownHook] com.zaxxer.hikari.HikariDataSource       : HikariPool-1 - Shutdown completed.
2020-04-21 13:50:52.874  INFO 21620 --- [main] com.imooc.sell.LoggerTest                : Starting LoggerTest on 40J515U66E09Y2N with PID 21620 (started by Administrator in D:\IDEAworkspace\sell)
2020-04-21 13:50:52.878  INFO 21620 --- [main] com.imooc.sell.LoggerTest                : No active profile set, falling back to default profiles: default
2020-04-21 13:50:54.326  INFO 21620 --- [main] .s.d.r.c.RepositoryConfigurationDelegate : Bootstrapping Spring Data JPA repositories in DEFAULT mode.
2020-04-21 13:50:54.392  INFO 21620 --- [main] .s.d.r.c.RepositoryConfigurationDelegate : Finished Spring Data repository scanning in 44ms. Found 0 JPA repository interfaces.
2020-04-21 13:50:55.528  INFO 21620 --- [main] com.zaxxer.hikari.HikariDataSource       : HikariPool-1 - Starting...
2020-04-21 13:50:55.916  INFO 21620 --- [main] com.zaxxer.hikari.HikariDataSource       : HikariPool-1 - Start completed.
2020-04-21 13:50:56.081  INFO 21620 --- [main] o.hibernate.jpa.internal.util.LogHelper  : HHH000204: Processing PersistenceUnitInfo [name: default]
2020-04-21 13:50:56.221  INFO 21620 --- [main] org.hibernate.Version                    : HHH000412: Hibernate ORM core version 5.4.12.Final
2020-04-21 13:50:56.487  INFO 21620 --- [main] o.hibernate.annotations.common.Version   : HCANN000001: Hibernate Commons Annotations {5.1.0.Final}
2020-04-21 13:50:57.189  INFO 21620 --- [main] org.hibernate.dialect.Dialect            : HHH000400: Using dialect: org.hibernate.dialect.MySQL57Dialect
2020-04-21 13:50:57.704  INFO 21620 --- [main] o.h.e.t.j.p.i.JtaPlatformInitiator       : HHH000490: Using JtaPlatform implementation: [org.hibernate.engine.transaction.jta.platform.internal.NoJtaPlatform]
2020-04-21 13:50:57.723  INFO 21620 --- [main] j.LocalContainerEntityManagerFactoryBean : Initialized JPA EntityManagerFactory for persistence unit 'default'
2020-04-21 13:50:58.302  WARN 21620 --- [main] JpaBaseConfiguration$JpaWebConfiguration : spring.jpa.open-in-view is enabled by default. Therefore, database queries may be performed during view rendering. Explicitly configure spring.jpa.open-in-view to disable this warning
2020-04-21 13:50:58.906  INFO 21620 --- [main] o.s.s.concurrent.ThreadPoolTaskExecutor  : Initializing ExecutorService 'applicationTaskExecutor'
2020-04-21 13:50:59.726  INFO 21620 --- [main] com.imooc.sell.LoggerTest                : Started LoggerTest in 8.142 seconds (JVM running for 10.464)
2020-04-21 13:51:00.350  INFO 21620 --- [main] com.imooc.sell.LoggerTest                : info....
2020-04-21 13:51:00.351 ERROR 21620 --- [main] com.imooc.sell.LoggerTest                : error 
2020-04-21 13:51:00.395  INFO 21620 --- [SpringContextShutdownHook] o.s.s.concurrent.ThreadPoolTaskExecutor  : Shutting down ExecutorService 'applicationTaskExecutor'
2020-04-21 13:51:00.397  INFO 21620 --- [SpringContextShutdownHook] j.LocalContainerEntityManagerFactoryBean : Closing JPA EntityManagerFactory for persistence unit 'default'
2020-04-21 13:51:00.403  INFO 21620 --- [SpringContextShutdownHook] com.zaxxer.hikari.HikariDataSource       : HikariPool-1 - Shutdown initiated...
2020-04-21 13:51:00.506  INFO 21620 --- [SpringContextShutdownHook] com.zaxxer.hikari.HikariDataSource       : HikariPool-1 - Shutdown completed.
2020-04-21 13:52:47.964  INFO 15920 --- [main] com.imooc.sell.LoggerTest                : Starting LoggerTest on 40J515U66E09Y2N with PID 15920 (started by Administrator in D:\IDEAworkspace\sell)
2020-04-21 13:52:47.968  INFO 15920 --- [main] com.imooc.sell.LoggerTest                : No active profile set, falling back to default profiles: default
2020-04-21 13:52:49.546  INFO 15920 --- [main] .s.d.r.c.RepositoryConfigurationDelegate : Bootstrapping Spring Data JPA repositories in DEFAULT mode.
2020-04-21 13:52:49.596  INFO 15920 --- [main] .s.d.r.c.RepositoryConfigurationDelegate : Finished Spring Data repository scanning in 28ms. Found 0 JPA repository interfaces.
2020-04-21 13:52:50.802  INFO 15920 --- [main] com.zaxxer.hikari.HikariDataSource       : HikariPool-1 - Starting...
2020-04-21 13:52:51.122  INFO 15920 --- [main] com.zaxxer.hikari.HikariDataSource       : HikariPool-1 - Start completed.
2020-04-21 13:52:51.219  INFO 15920 --- [main] o.hibernate.jpa.internal.util.LogHelper  : HHH000204: Processing PersistenceUnitInfo [name: default]
2020-04-21 13:52:51.381  INFO 15920 --- [main] org.hibernate.Version                    : HHH000412: Hibernate ORM core version 5.4.12.Final
2020-04-21 13:52:51.635  INFO 15920 --- [main] o.hibernate.annotations.common.Version   : HCANN000001: Hibernate Commons Annotations {5.1.0.Final}
2020-04-21 13:52:52.389  INFO 15920 --- [main] org.hibernate.dialect.Dialect            : HHH000400: Using dialect: org.hibernate.dialect.MySQL57Dialect
2020-04-21 13:52:52.859  INFO 15920 --- [main] o.h.e.t.j.p.i.JtaPlatformInitiator       : HHH000490: Using JtaPlatform implementation: [org.hibernate.engine.transaction.jta.platform.internal.NoJtaPlatform]
2020-04-21 13:52:52.882  INFO 15920 --- [main] j.LocalContainerEntityManagerFactoryBean : Initialized JPA EntityManagerFactory for persistence unit 'default'
2020-04-21 13:52:53.474  WARN 15920 --- [main] JpaBaseConfiguration$JpaWebConfiguration : spring.jpa.open-in-view is enabled by default. Therefore, database queries may be performed during view rendering. Explicitly configure spring.jpa.open-in-view to disable this warning
2020-04-21 13:52:54.008  INFO 15920 --- [main] o.s.s.concurrent.ThreadPoolTaskExecutor  : Initializing ExecutorService 'applicationTaskExecutor'
2020-04-21 13:52:54.734  INFO 15920 --- [main] com.imooc.sell.LoggerTest                : Started LoggerTest in 7.931 seconds (JVM running for 10.119)
2020-04-21 13:52:55.340  INFO 15920 --- [main] com.imooc.sell.LoggerTest                : info....
2020-04-21 13:52:55.340 ERROR 15920 --- [main] com.imooc.sell.LoggerTest                : error 
2020-04-21 13:52:55.385  INFO 15920 --- [SpringContextShutdownHook] o.s.s.concurrent.ThreadPoolTaskExecutor  : Shutting down ExecutorService 'applicationTaskExecutor'
2020-04-21 13:52:55.387  INFO 15920 --- [SpringContextShutdownHook] j.LocalContainerEntityManagerFactoryBean : Closing JPA EntityManagerFactory for persistence unit 'default'
2020-04-21 13:52:55.392  INFO 15920 --- [SpringContextShutdownHook] com.zaxxer.hikari.HikariDataSource       : HikariPool-1 - Shutdown initiated...
2020-04-21 13:52:55.427  INFO 15920 --- [SpringContextShutdownHook] com.zaxxer.hikari.HikariDataSource       : HikariPool-1 - Shutdown completed.
2020-04-21 13:55:38.751  INFO 35084 --- [main] com.imooc.sell.LoggerTest                : Starting LoggerTest on 40J515U66E09Y2N with PID 35084 (started by Administrator in D:\IDEAworkspace\sell)
2020-04-21 13:55:38.753  INFO 35084 --- [main] com.imooc.sell.LoggerTest                : No active profile set, falling back to default profiles: default
2020-04-21 13:55:40.148  INFO 35084 --- [main] .s.d.r.c.RepositoryConfigurationDelegate : Bootstrapping Spring Data JPA repositories in DEFAULT mode.
2020-04-21 13:55:40.194  INFO 35084 --- [main] .s.d.r.c.RepositoryConfigurationDelegate : Finished Spring Data repository scanning in 26ms. Found 0 JPA repository interfaces.
2020-04-21 13:55:41.343  INFO 35084 --- [main] com.zaxxer.hikari.HikariDataSource       : HikariPool-1 - Starting...
2020-04-21 13:55:41.688  INFO 35084 --- [main] com.zaxxer.hikari.HikariDataSource       : HikariPool-1 - Start completed.
2020-04-21 13:55:41.792  INFO 35084 --- [main] o.hibernate.jpa.internal.util.LogHelper  : HHH000204: Processing PersistenceUnitInfo [name: default]
2020-04-21 13:55:42.001  INFO 35084 --- [main] org.hibernate.Version                    : HHH000412: Hibernate ORM core version 5.4.12.Final
2020-04-21 13:55:42.322  INFO 35084 --- [main] o.hibernate.annotations.common.Version   : HCANN000001: Hibernate Commons Annotations {5.1.0.Final}
2020-04-21 13:55:43.000  INFO 35084 --- [main] org.hibernate.dialect.Dialect            : HHH000400: Using dialect: org.hibernate.dialect.MySQL57Dialect
2020-04-21 13:55:43.450  INFO 35084 --- [main] o.h.e.t.j.p.i.JtaPlatformInitiator       : HHH000490: Using JtaPlatform implementation: [org.hibernate.engine.transaction.jta.platform.internal.NoJtaPlatform]
2020-04-21 13:55:43.468  INFO 35084 --- [main] j.LocalContainerEntityManagerFactoryBean : Initialized JPA EntityManagerFactory for persistence unit 'default'
2020-04-21 13:55:44.094  WARN 35084 --- [main] JpaBaseConfiguration$JpaWebConfiguration : spring.jpa.open-in-view is enabled by default. Therefore, database queries may be performed during view rendering. Explicitly configure spring.jpa.open-in-view to disable this warning
2020-04-21 13:55:44.743  INFO 35084 --- [main] o.s.s.concurrent.ThreadPoolTaskExecutor  : Initializing ExecutorService 'applicationTaskExecutor'
2020-04-21 13:55:45.487  INFO 35084 --- [main] com.imooc.sell.LoggerTest                : Started LoggerTest in 8.178 seconds (JVM running for 10.458)
2020-04-21 13:55:46.110  INFO 35084 --- [main] com.imooc.sell.LoggerTest                : info....
2020-04-21 13:55:46.110 ERROR 35084 --- [main] com.imooc.sell.LoggerTest                : error 
2020-04-21 13:55:46.131  INFO 35084 --- [SpringContextShutdownHook] o.s.s.concurrent.ThreadPoolTaskExecutor  : Shutting down ExecutorService 'applicationTaskExecutor'
2020-04-21 13:55:46.133  INFO 35084 --- [SpringContextShutdownHook] j.LocalContainerEntityManagerFactoryBean : Closing JPA EntityManagerFactory for persistence unit 'default'
2020-04-21 13:55:46.141  INFO 35084 --- [SpringContextShutdownHook] com.zaxxer.hikari.HikariDataSource       : HikariPool-1 - Shutdown initiated...
2020-04-21 13:55:46.172  INFO 35084 --- [SpringContextShutdownHook] com.zaxxer.hikari.HikariDataSource       : HikariPool-1 - Shutdown completed.
2020-04-21 13:56:15.136  INFO 35956 --- [main] com.imooc.sell.LoggerTest                : Starting LoggerTest on 40J515U66E09Y2N with PID 35956 (started by Administrator in D:\IDEAworkspace\sell)
2020-04-21 13:56:15.139  INFO 35956 --- [main] com.imooc.sell.LoggerTest                : No active profile set, falling back to default profiles: default
2020-04-21 13:56:16.799  INFO 35956 --- [main] .s.d.r.c.RepositoryConfigurationDelegate : Bootstrapping Spring Data JPA repositories in DEFAULT mode.
2020-04-21 13:56:16.844  INFO 35956 --- [main] .s.d.r.c.RepositoryConfigurationDelegate : Finished Spring Data repository scanning in 25ms. Found 0 JPA repository interfaces.
2020-04-21 13:56:18.103  INFO 35956 --- [main] com.zaxxer.hikari.HikariDataSource       : HikariPool-1 - Starting...
2020-04-21 13:56:18.528  INFO 35956 --- [main] com.zaxxer.hikari.HikariDataSource       : HikariPool-1 - Start completed.
2020-04-21 13:56:18.650  INFO 35956 --- [main] o.hibernate.jpa.internal.util.LogHelper  : HHH000204: Processing PersistenceUnitInfo [name: default]
2020-04-21 13:56:18.862  INFO 35956 --- [main] org.hibernate.Version                    : HHH000412: Hibernate ORM core version 5.4.12.Final
2020-04-21 13:56:19.187  INFO 35956 --- [main] o.hibernate.annotations.common.Version   : HCANN000001: Hibernate Commons Annotations {5.1.0.Final}
2020-04-21 13:56:19.809  INFO 35956 --- [main] org.hibernate.dialect.Dialect            : HHH000400: Using dialect: org.hibernate.dialect.MySQL57Dialect
2020-04-21 13:56:20.258  INFO 35956 --- [main] o.h.e.t.j.p.i.JtaPlatformInitiator       : HHH000490: Using JtaPlatform implementation: [org.hibernate.engine.transaction.jta.platform.internal.NoJtaPlatform]
2020-04-21 13:56:20.272  INFO 35956 --- [main] j.LocalContainerEntityManagerFactoryBean : Initialized JPA EntityManagerFactory for persistence unit 'default'
2020-04-21 13:56:20.753  WARN 35956 --- [main] JpaBaseConfiguration$JpaWebConfiguration : spring.jpa.open-in-view is enabled by default. Therefore, database queries may be performed during view rendering. Explicitly configure spring.jpa.open-in-view to disable this warning
2020-04-21 13:56:21.401  INFO 35956 --- [main] o.s.s.concurrent.ThreadPoolTaskExecutor  : Initializing ExecutorService 'applicationTaskExecutor'
2020-04-21 13:56:22.300  INFO 35956 --- [main] com.imooc.sell.LoggerTest                : Started LoggerTest in 8.49 seconds (JVM running for 10.767)
2020-04-21 13:56:22.998  INFO 35956 --- [main] com.imooc.sell.LoggerTest                : info....
2020-04-21 13:56:22.998 ERROR 35956 --- [main] com.imooc.sell.LoggerTest                : error 
2020-04-21 13:56:23.014  INFO 35956 --- [SpringContextShutdownHook] o.s.s.concurrent.ThreadPoolTaskExecutor  : Shutting down ExecutorService 'applicationTaskExecutor'
2020-04-21 13:56:23.016  INFO 35956 --- [SpringContextShutdownHook] j.LocalContainerEntityManagerFactoryBean : Closing JPA EntityManagerFactory for persistence unit 'default'
2020-04-21 13:56:23.019  INFO 35956 --- [SpringContextShutdownHook] com.zaxxer.hikari.HikariDataSource       : HikariPool-1 - Shutdown initiated...
2020-04-21 13:56:23.049  INFO 35956 --- [SpringContextShutdownHook] com.zaxxer.hikari.HikariDataSource       : HikariPool-1 - Shutdown completed.
